#
# There is insufficient memory for the Java Runtime Environment to continue.
# Native memory allocation (malloc) failed to allocate 1048576 bytes for AllocateHeap
# Possible reasons:
#   The system is out of physical RAM or swap space
#   In 32 bit mode, the process size limit was hit
# Possible solutions:
#   Reduce memory load on the system
#   Increase physical memory or swap space
#   Check if swap backing store is full
#   Use 64 bit Java on a 64 bit OS
#   Decrease Java heap size (-Xmx/-Xms)
#   Decrease number of Java threads
#   Decrease Java thread stack sizes (-Xss)
#   Set larger code cache with -XX:ReservedCodeCacheSize=
# This output file may be truncated or incomplete.
#
#  Out of Memory Error (memory/allocation.inline.hpp:61), pid=23844, tid=23564
#
# JRE version:  (8.0_45-b15) (build )
# Java VM: Java HotSpot(TM) 64-Bit Server VM (25.45-b02 mixed mode windows-amd64 compressed oops)
# Failed to write core dump. Minidumps are not enabled by default on client versions of Windows
#

---------------  T H R E A D  ---------------

Current thread (0x0000000002690800):  JavaThread "Unknown thread" [_thread_in_vm, id=23564, stack(0x0000000002590000,0x0000000002690000)]

Stack: [0x0000000002590000,0x0000000002690000]
Native frames: (J=compiled Java code, j=interpreted, Vv=VM code, C=native code)
V  [jvm.dll+0x32b57a]
V  [jvm.dll+0x279873]
V  [jvm.dll+0x27a509]
V  [jvm.dll+0x271825]
V  [jvm.dll+0x1606]
V  [jvm.dll+0x3c08c2]
V  [jvm.dll+0x3eecb2]
V  [jvm.dll+0x3ef1bc]
V  [jvm.dll+0x3ea7a7]
V  [jvm.dll+0xf2cf2]
V  [jvm.dll+0x20f0c9]
V  [jvm.dll+0x240e0a]
V  [jvm.dll+0x15ba41]
C  [javaw.exe+0x217e]
C  [javaw.exe+0xcd17]
C  [javaw.exe+0xcdab]
C  [KERNEL32.DLL+0x17034]
C  [ntdll.dll+0x52651]


---------------  P R O C E S S  ---------------

Java Threads: ( => current thread )

Other Threads:

=>0x0000000002690800 (exited) JavaThread "Unknown thread" [_thread_in_vm, id=23564, stack(0x0000000002590000,0x0000000002690000)]

VM state:not at safepoint (normal execution)

VM Mutex/Monitor currently owned by a thread: None

Heap:
 PSYoungGen      total 18432K, used 317K [0x00000000ebd00000, 0x00000000ed180000, 0x0000000100000000)
  eden space 15872K, 2% used [0x00000000ebd00000,0x00000000ebd4f5d0,0x00000000ecc80000)
  from space 2560K, 0% used [0x00000000ecf00000,0x00000000ecf00000,0x00000000ed180000)
  to   space 2560K, 0% used [0x00000000ecc80000,0x00000000ecc80000,0x00000000ecf00000)
 ParOldGen       total 42496K, used 0K [0x00000000c3600000, 0x00000000c5f80000, 0x00000000ebd00000)
  object space 42496K, 0% used [0x00000000c3600000,0x00000000c3600000,0x00000000c5f80000)
 Metaspace       used 742K, capacity 4480K, committed 4480K, reserved 1056768K
  class space    used 75K, capacity 384K, committed 384K, reserved 1048576K

Card table byte_map: [0x0000000011b50000,0x0000000011d40000] byte_map_base: 0x0000000011535000

Marking Bits: (ParMarkBitMap*) 0x0000000069284040
 Begin Bits: [0x0000000012690000, 0x00000000135b8000)
 End Bits:   [0x00000000135b8000, 0x00000000144e0000)

Polling page: 0x00000000007f0000

CodeCache: size=245760Kb used=328Kb max_used=328Kb free=245431Kb
 bounds [0x0000000002790000, 0x0000000002a00000, 0x0000000011790000]
 total_blobs=57 nmethods=0 adapters=37
 compilation: enabled

Compilation events (0 events):
No events

GC Heap History (0 events):
No events

Deoptimization events (0 events):
No events

Internal exceptions (0 events):
No events

Events (10 events):
Event: 0.034 loading class java/lang/Short
Event: 0.034 loading class java/lang/Short done
Event: 0.034 loading class java/lang/Integer
Event: 0.034 loading class java/lang/Integer done
Event: 0.034 loading class java/lang/Long
Event: 0.034 loading class java/lang/Long done
Event: 0.037 loading class java/lang/NullPointerException
Event: 0.037 loading class java/lang/NullPointerException done
Event: 0.037 loading class java/lang/ArithmeticException
Event: 0.037 loading class java/lang/ArithmeticException done


Dynamic libraries:
0x00007ff783ea0000 - 0x00007ff783ed7000 	C:\Program Files\Java\jre1.8.0_45\bin\javaw.exe
0x00007fff79e10000 - 0x00007fff7a005000 	C:\Windows\SYSTEM32\ntdll.dll
0x00007fff79780000 - 0x00007fff7983e000 	C:\Windows\System32\KERNEL32.DLL
0x00007fff77720000 - 0x00007fff779e8000 	C:\Windows\System32\KERNELBASE.dll
0x00007fff79c40000 - 0x00007fff79cee000 	C:\Windows\System32\ADVAPI32.dll
0x00007fff79cf0000 - 0x00007fff79d8e000 	C:\Windows\System32\msvcrt.dll
0x00007fff79b40000 - 0x00007fff79bdc000 	C:\Windows\System32\sechost.dll
0x00007fff781a0000 - 0x00007fff782c5000 	C:\Windows\System32\RPCRT4.dll
0x00007fff77f20000 - 0x00007fff780c0000 	C:\Windows\System32\USER32.dll
0x00007fff775c0000 - 0x00007fff775e2000 	C:\Windows\System32\win32u.dll
0x00007fff79d90000 - 0x00007fff79dba000 	C:\Windows\System32\GDI32.dll
0x00007fff77cc0000 - 0x00007fff77dcb000 	C:\Windows\System32\gdi32full.dll
0x00007fff77dd0000 - 0x00007fff77e6d000 	C:\Windows\System32\msvcp_win.dll
0x00007fff779f0000 - 0x00007fff77af0000 	C:\Windows\System32\ucrtbase.dll
0x00007fff5c9b0000 - 0x00007fff5cc4a000 	C:\Windows\WinSxS\amd64_microsoft.windows.common-controls_6595b64144ccf1df_6.0.19041.1110_none_60b5254171f9507e\COMCTL32.dll
0x00007fff77e70000 - 0x00007fff77ea0000 	C:\Windows\System32\IMM32.DLL
0x0000000069310000 - 0x00000000693e2000 	C:\Program Files\Java\jre1.8.0_45\bin\msvcr100.dll
0x0000000068a80000 - 0x0000000069303000 	C:\Program Files\Java\jre1.8.0_45\bin\server\jvm.dll
0x00007fff79770000 - 0x00007fff79778000 	C:\Windows\System32\PSAPI.DLL
0x00007fff59780000 - 0x00007fff59789000 	C:\Windows\SYSTEM32\WSOCK32.dll
0x00007fff79570000 - 0x00007fff795db000 	C:\Windows\System32\WS2_32.dll
0x00007fff5c360000 - 0x00007fff5c387000 	C:\Windows\SYSTEM32\WINMM.dll
0x00007fff709d0000 - 0x00007fff709da000 	C:\Windows\SYSTEM32\VERSION.dll
0x0000000068a70000 - 0x0000000068a7f000 	C:\Program Files\Java\jre1.8.0_45\bin\verify.dll
0x0000000068a40000 - 0x0000000068a69000 	C:\Program Files\Java\jre1.8.0_45\bin\java.dll
0x0000000068a20000 - 0x0000000068a36000 	C:\Program Files\Java\jre1.8.0_45\bin\zip.dll
0x00007fff75350000 - 0x00007fff75534000 	C:\Windows\SYSTEM32\dbghelp.dll
0x00007fff77530000 - 0x00007fff775b2000 	C:\Windows\System32\bcryptPrimitives.dll

VM Arguments:
jvm_args: -Dfile.encoding=Cp1252 
java_command: application.Main
java_class_path (initial): C:\Users\RANIM\Desktop\P.O.O 2\Mini-Projet\bin;C:\Users\RANIM\.p2\pool\plugins\org.eclipse.fx.ide.css.jfx8_3.7.0.202010120832.jar;C:\Users\RANIM\Desktop\javaFX\mysql-connector-java-5.0.8-bin.jar
Launcher Type: SUN_STANDARD

Environment Variables:
PATH=C:/Users/RANIM/.p2/pool/plugins/org.eclipse.justj.openjdk.hotspot.jre.full.win32.x86_64_17.0.2.v20220201-1208/jre/bin/server;C:/Users/RANIM/.p2/pool/plugins/org.eclipse.justj.openjdk.hotspot.jre.full.win32.x86_64_17.0.2.v20220201-1208/jre/bin;C:\oraclexe\app\oracle\product\11.2.0\server\bin;C:\Program Files (x86)\Common Files\Oracle\Java\javapath;C:\ProgramData\Oracle\Java\javapath;C:\Windows\system32;C:\Windows;C:\Windows\System32\Wbem;C:\Windows\System32\WindowsPowerShell\v1.0\;C:\Windows\System32\OpenSSH\;C:\Program Files (x86)\AOMEI\AOMEI Backupper\6.8.0;C:\composer;C:\xampp2\php;C:\Program Files\Git\cmd;C:\Program Files\Java\jre1.8.0_311;C:\Program Files\nodejs\;C:\Users\RANIM\AppData\Local\Microsoft\WindowsApps;C:\Users\RANIM\AppData\Roaming\Composer\vendor\bin;C:\Users\RANIM\AppData\Local\Programs\Microsoft VS Code\bin;C:\Users\RANIM\AppData\Roaming\npm;C:\Windows\System32;
USERNAME=RANIM
OS=Windows_NT
PROCESSOR_IDENTIFIER=Intel64 Family 6 Model 126 Stepping 5, GenuineIntel



---------------  S Y S T E M  ---------------

OS: Windows 10.0 , 64 bit Build 19041 (10.0.19041.1645)

CPU:total 8 (4 cores per cpu, 2 threads per core) family 6 model 126 stepping 5, cmov, cx8, fxsr, mmx, sse, sse2, sse3, ssse3, sse4.1, sse4.2, popcnt, avx, avx2, aes, clmul, erms, 3dnowpref, lzcnt, ht, tsc, tscinvbit, bmi1, bmi2, adx

Memory: 4k page, physical 3970864k(141384k free), swap 16029488k(5468k free)

vm_info: Java HotSpot(TM) 64-Bit Server VM (25.45-b02) for windows-amd64 JRE (1.8.0_45-b15), built on Apr 30 2015 12:40:44 by "java_re" with MS VC++ 10.0 (VS2010)

time: Tue May 31 15:26:59 2022
elapsed time: 0 seconds (0d 0h 0m 0s)

